Active-HDL 15.0.261.9132 2026-03-30 18:11:02

Elaboration top modules:
Architecture                  fourbitadder(fourbitadder)


-----------------------------------------------------------------------------------------------
Entity       | Architecture | Library | Info | Compiler Version          | Compilation Options
-----------------------------------------------------------------------------------------------
fourbitadder | fourbitadder | adder   |      | 15.0.261.9132 (Windows64) | -O3
fulladder    | fulladder    | adder   |      | 15.0.261.9132 (Windows64) | -O3
halfadder    | halfadder    | adder   |      | 15.0.261.9132 (Windows64) | -O3
-----------------------------------------------------------------------------------------------

-----------------------------------------------------------------------------------------------
VHDL Package                | Library | Info | Compiler Version          | Compilation Options
-----------------------------------------------------------------------------------------------
standard                    | std     |      |                           | <unavailable>
TEXTIO                      | std     |      | 15.0.261.9132 (Windows64) |  -2019
std_logic_1164              | ieee    |      | 15.0.261.9132 (Windows64) |  -2008
-----------------------------------------------------------------------------------------------

-----------------------------------------------------------------------------------------------
Library                     | Comment
-----------------------------------------------------------------------------------------------
adder                       | None
ieee                        | Standard IEEE packages library
std                         | Standard VHDL library
-----------------------------------------------------------------------------------------------
