# ELBREAD: Elaboration process.
# ULM: Warning: ULM_0021 Architecture "arch_program_counter" of entity "pc.program_counter" is not up-to-date. Please recompile file "C:/My_Designs/program/pc/src/program_counter.vhd".
# ELBREAD: Error: Architecture 'arch_program_counter' of entity 'program_counter' not found in library 'pc'.
# ELBREAD: Error: Elaboration process completed with errors.
# Design: Error: Elaboration failed
# ELBREAD: Elaboration process.
# ELBREAD: Elaboration time 0.0 [s].
asim -O5 +access +r +m+program_counter program_counter behavioral
# ELBREAD: Elaboration process.
# ELBREAD: Elaboration time 0.0 [s].
# VSIM: Stack memory: 32MB
# VSIM: Retval memory: 32MB
# 
# KERNEL: Main thread initiated.
# KERNEL: Kernel process initialization phase.
# ELAB2: Elaboration final pass...
# ELAB2: Create instances ...
# KERNEL: Time resolution set to 1ps.
# ELAB2: Create instances complete.
# SLP: Started
# SLP: Elaboration phase ...
# SLP: Elaboration phase ... skipped, nothing to simulate in SLP mode : 0.0 [s]
# SLP: Finished : 0.0 [s]
# ELAB2: Elaboration final pass complete - time: 0.0 [s].
# KERNEL: Warning: You are using the Active-HDL Student Edition. The performance of simulation is running at a reduced rate.
# KERNEL: Warning: Contact Aldec for available upgrade options - sales@aldec.com.
# KERNEL: Kernel process initialization done.
# Allocation: Simulator allocated 6425 kB (elbread=427 elab2=5859 kernel=139 sdf=0)
# KERNEL: ASDB file was created in location C:\My_Designs\program\pc\src\wave.asdb
# Stimuli: Warning: The stimuli set "StimuliSet2" has been made inactive.
#  ¿ÀÈÄ 6:11, 2026³â 5¿ù 11ÀÏ ¿ù¿äÀÏ
#  Simulation has been initialized
# VSIM: 6 object(s) traced.
# Waveform file 'untitled.awc' connected to 'C:/My_Designs/program/pc/src/wave.asdb'.
run @500ns
# KERNEL: stopped at time: 500 ns
run @1000ns
# KERNEL: WARNING: There is an 'U'|'X'|'W'|'Z'|'-' in an arithmetic operand, the result will be 'X'(es).
# KERNEL: Time: 550 ns,  Iteration: 0,  Instance: /program_counter,  Process: line__45.
# KERNEL: WARNING: There is an 'U'|'X'|'W'|'Z'|'-' in an arithmetic operand, the result will be 'X'(es).
# KERNEL: Time: 650 ns,  Iteration: 0,  Instance: /program_counter,  Process: line__45.
# KERNEL: stopped at time: 1 us
acom -O3 -e 100 -work pc -2002  $dsn/src/D-ff.vhd $dsn/src/RCA.bde $dsn/src/sync_counter.vhd $dsn/src/program_counter.vhd
# Compile Entity "pc"
# Compile Architecture "pc" of Entity "pc"
# Compile Entity "RCA"
# Compile Architecture "RCA" of Entity "RCA"
# Compile Entity "SYNC_COUNT"
# Compile Architecture "BEHAVIORAL" of Entity "SYNC_COUNT"
# Compile Entity "PC_LOGIC"
# Compile Architecture "BEHAVIORAL" of Entity "PC_LOGIC"
# Error: COMP96_0019: program_counter.vhd : (19, 1): Keyword 'begin' expected.
# Error: COMP96_0019: program_counter.vhd : (23, 1): Keyword 'end' expected.
# Error: COMP96_0016: program_counter.vhd : (23, 7): Design unit declaration expected.
# Compile failure 3 Errors 0 Warnings  Analysis time :  93.0 [ms]
acom -reorder -O3 -e 100 -work pc -2002  $dsn/src/D-ff.vhd $dsn/src/RCA.bde $dsn/src/sync_counter.vhd $dsn/src/program_counter.vhd
# Compile Entity "pc"
# Compile Architecture "pc" of Entity "pc"
# Compile Entity "RCA"
# Compile Architecture "RCA" of Entity "RCA"
# Compile Entity "SYNC_COUNT"
# Compile Architecture "BEHAVIORAL" of Entity "SYNC_COUNT"
# Compile Entity "program_counter"
# Compile Architecture "BEHAVIORAL" of Entity "program_counter"
# Top-level unit(s) detected:
# Entity => SYNC_COUNT
# Entity => program_counter
# Entity => RCA
# Compile success 0 Errors 0 Warnings  Analysis time :  0.1 [s]
acom -O3 -e 100 -work pc -2002  $dsn/src/D-ff.vhd $dsn/src/RCA.bde $dsn/src/sync_counter.vhd $dsn/src/program_counter.vhd
# Compile Entity "pc"
# Compile Architecture "pc" of Entity "pc"
# Compile Entity "RCA"
# Compile Architecture "RCA" of Entity "RCA"
# Compile Entity "SYNC_COUNT"
# Compile Architecture "BEHAVIORAL" of Entity "SYNC_COUNT"
# Compile Entity "program_counter"
# Compile Architecture "BEHAVIORAL" of Entity "program_counter"
# Compile success 0 Errors 0 Warnings  Analysis time :  0.1 [s]
endsim
# VSIM: Simulation has finished.
asim -O5 +access +r +m+program_counter program_counter behavioral
# ELBREAD: Elaboration process.
# ELBREAD: Elaboration time 0.0 [s].
# VSIM: Stack memory: 32MB
# VSIM: Retval memory: 32MB
# 
# KERNEL: Main thread initiated.
# KERNEL: Kernel process initialization phase.
# ELAB2: Elaboration final pass...
# ELAB2: Create instances ...
# KERNEL: Time resolution set to 1ps.
# ELAB2: Create instances complete.
# SLP: Started
# SLP: Elaboration phase ...
# SLP: Elaboration phase ... skipped, nothing to simulate in SLP mode : 0.0 [s]
# SLP: Finished : 0.0 [s]
# ELAB2: Elaboration final pass complete - time: 0.0 [s].
# KERNEL: Warning: You are using the Active-HDL Student Edition. The performance of simulation is running at a reduced rate.
# KERNEL: Warning: Contact Aldec for available upgrade options - sales@aldec.com.
# KERNEL: Kernel process initialization done.
# Allocation: Simulator allocated 6425 kB (elbread=427 elab2=5859 kernel=139 sdf=0)
# KERNEL: ASDB file was created in location C:\My_Designs\program\pc\src\wave.asdb
# Stimuli: Warning: The stimuli set "StimuliSet3" has been made inactive.
#  ¿ÀÈÄ 6:16, 2026³â 5¿ù 11ÀÏ ¿ù¿äÀÏ
#  Simulation has been initialized
# VSIM: 7 object(s) traced.
# Waveform file 'untitled.awc' connected to 'C:/My_Designs/program/pc/src/wave.asdb'.
run @1000ns
# KERNEL: WARNING: There is an 'U'|'X'|'W'|'Z'|'-' in an arithmetic operand, the result will be 'X'(es).
# KERNEL: Time: 50 ns,  Iteration: 0,  Instance: /program_counter,  Process: line__45.
# KERNEL: WARNING: There is an 'U'|'X'|'W'|'Z'|'-' in an arithmetic operand, the result will be 'X'(es).
# KERNEL: Time: 150 ns,  Iteration: 0,  Instance: /program_counter,  Process: line__45.
# KERNEL: stopped at time: 1 us
run @1.1us
# KERNEL: stopped at time: 1100 ns
run @2us
# KERNEL: stopped at time: 2 us
run @2.1us
# KERNEL: stopped at time: 2100 ns
