Active-HDL 15.0.261.9132 2026-04-20 17:07:08

Elaboration top modules:
Architecture                  dff(dff)


--------------------------------------------------------------------------------------------
Entity   | Architecture | Library  | Info | Compiler Version          | Compilation Options
--------------------------------------------------------------------------------------------
dff      | dff          | flipflop |      | 15.0.261.9132 (Windows64) | -O3
--------------------------------------------------------------------------------------------

--------------------------------------------------------------------------------------------
VHDL Package            | Library  | Info | Compiler Version          | Compilation Options
--------------------------------------------------------------------------------------------
standard                | std      |      |                           | <unavailable>
TEXTIO                  | std      |      | 15.0.261.9132 (Windows64) |  -2019
std_logic_1164          | ieee     |      | 15.0.261.9132 (Windows64) |  -2008
--------------------------------------------------------------------------------------------

--------------------------------------------------------------------------------------------
Library                 | Comment
--------------------------------------------------------------------------------------------
flipflop                | None
ieee                    | Standard IEEE packages library
std                     | Standard VHDL library
--------------------------------------------------------------------------------------------


Simulation Options: asim -O5 +access +r +m+dff dff dff


The performance of simulation is reduced. Version Student Edition
