Active-HDL 15.0.261.9132 2026-03-30 17:18:21

Elaboration top modules:
Architecture                  ha(ha)


---------------------------------------------------------------------------------------------
Entity   | Architecture | Library   | Info | Compiler Version          | Compilation Options
---------------------------------------------------------------------------------------------
ha       | ha           | halfadder |      | 15.0.261.9132 (Windows64) | -O3
---------------------------------------------------------------------------------------------

---------------------------------------------------------------------------------------------
VHDL Package            | Library   | Info | Compiler Version          | Compilation Options
---------------------------------------------------------------------------------------------
standard                | std       |      |                           | <unavailable>
TEXTIO                  | std       |      | 15.0.261.9132 (Windows64) |  -2019
std_logic_1164          | ieee      |      | 15.0.261.9132 (Windows64) |  -2008
---------------------------------------------------------------------------------------------

---------------------------------------------------------------------------------------------
Library                 | Comment
---------------------------------------------------------------------------------------------
halfadder               | None
ieee                    | Standard IEEE packages library
std                     | Standard VHDL library
---------------------------------------------------------------------------------------------
