# Design: Design fsm already active.
# DESIGN: Default Design Language: VHDL
# DESIGN: Default BDE Language: VHDL
# DESIGN: C-Synthesis: Not Defined
# DESIGN: HDL Synthesis: Not Defined
# DESIGN: Physical Synthesis: Not Defined
# DESIGN: Implementation: Not Defined
acom -reorder -O3 -e 100 -work fsm -2002  $dsn/src/fsm.vhd
# Compile Entity "state_machine"
# Compile Architecture "behav" of Entity "state_machine"
# Error: COMP96_0049: fsm.vhd : (20, 19): Syntax error in expression.
# Error: COMP96_0015: fsm.vhd : (20, 19): ')' expected.
# Error: COMP96_0019: fsm.vhd : (20, 20): Keyword 'then' expected.
# Error: COMP96_0019: fsm.vhd : (21, 5): Keyword 'end' expected.
# Error: COMP96_0019: fsm.vhd : (21, 10): Keyword 'case' expected.
# Error: COMP96_0019: fsm.vhd : (22, 9): Keyword 'process' expected.
# Error: COMP96_0019: fsm.vhd : (23, 4): Keyword 'end' expected.
# Error: COMP96_0016: fsm.vhd : (23, 9): Design unit declaration expected.
# Compile failure 8 Errors 0 Warnings  Analysis time :  47.0 [ms]
acom -O3 -e 100 -work fsm -2002  $dsn/src/state_machine.vhd
# Compile Entity "state_machine"
# Compile Architecture "behav" of Entity "state_machine"
# Error: COMP96_0049: state_machine.vhd : (20, 19): Syntax error in expression.
# Error: COMP96_0015: state_machine.vhd : (20, 19): ')' expected.
# Error: COMP96_0019: state_machine.vhd : (20, 20): Keyword 'then' expected.
# Error: COMP96_0019: state_machine.vhd : (21, 5): Keyword 'end' expected.
# Error: COMP96_0019: state_machine.vhd : (21, 10): Keyword 'case' expected.
# Error: COMP96_0019: state_machine.vhd : (22, 9): Keyword 'process' expected.
# Error: COMP96_0019: state_machine.vhd : (23, 4): Keyword 'end' expected.
# Error: COMP96_0016: state_machine.vhd : (23, 9): Design unit declaration expected.
# Compile failure 8 Errors 0 Warnings  Analysis time :  16.0 [ms]
acom -O3 -e 100 -work fsm -2002  $dsn/src/state_machine.vhd $dsn/src/state.vhd
# Warning: COMP96_0003: Source file "c:/My_Designs/may18/fsm/src/state_machine.vhd" is empty.
# Compile Entity "state"
# Error: COMP96_0018: state.vhd : (34, 1): Identifier expected.
# Error: COMP96_0015: state.vhd : (34, 1): ')' expected.
# Error: COMP96_0015: state.vhd : (34, 1): ';' expected.
# Error: COMP96_0019: state.vhd : (34, 5): Keyword 'end' expected.
# Compile Architecture "BEHAVIORAL" of Entity "state_ragister"
# Error: COMP96_0015: state.vhd : (53, 1): ';' expected.
# Error: COMP96_0019: state.vhd : (54, 0): Keyword 'end' expected.
# Compile failure 6 Errors 1 Warnings  Analysis time :  15.0 [ms]
acom -O3 -e 100 -work fsm -2002  $dsn/src/state_machine.vhd $dsn/src/state.vhd
# Warning: COMP96_0003: Source file "c:/My_Designs/may18/fsm/src/state_machine.vhd" is empty.
# Compile Entity "state"
# Compile Architecture "BEHAVIORAL" of Entity "state_ragister"
# Error: COMP96_0015: state.vhd : (53, 1): ';' expected.
# Error: COMP96_0019: state.vhd : (54, 0): Keyword 'end' expected.
# Compile failure 2 Errors 1 Warnings  Analysis time :  0.0 [ms]
acom -O3 -e 100 -work fsm -2002  $dsn/src/state_machine.vhd $dsn/src/state.vhd
# Warning: COMP96_0003: Source file "c:/My_Designs/may18/fsm/src/state_machine.vhd" is empty.
# Compile Entity "state"
# Compile Architecture "BEHAVIORAL" of Entity "state_ragister"
# Error: COMP96_0056: state.vhd : (38, 1): Cannot find referenced entity declaration "state_ragister".
# Compile failure 1 Errors 1 Warnings  Analysis time :  15.0 [ms]
acom -O3 -e 100 -work fsm -2002  $dsn/src/state_machine.vhd $dsn/src/state.vhd
# Warning: COMP96_0003: Source file "c:/My_Designs/may18/fsm/src/state_machine.vhd" is empty.
# Compile Entity "state"
# Compile Architecture "BEHAVIORAL" of Entity "state"
# Compile success 0 Errors 1 Warnings  Analysis time :  94.0 [ms]
acom -O3 -e 100 -work fsm -2002  $dsn/src/state_machine.vhd $dsn/src/state.vhd
# Compile Entity "state_machine"
# Compile Architecture "behav" of Entity "state_machine"
# Error: COMP96_0049: state_machine.vhd : (20, 19): Syntax error in expression.
# Error: COMP96_0015: state_machine.vhd : (20, 19): ')' expected.
# Error: COMP96_0019: state_machine.vhd : (20, 20): Keyword 'then' expected.
# Error: COMP96_0019: state_machine.vhd : (21, 5): Keyword 'end' expected.
# Error: COMP96_0019: state_machine.vhd : (21, 10): Keyword 'case' expected.
# Error: COMP96_0019: state_machine.vhd : (22, 9): Keyword 'process' expected.
# Error: COMP96_0019: state_machine.vhd : (23, 4): Keyword 'end' expected.
# Error: COMP96_0016: state_machine.vhd : (23, 9): Design unit declaration expected.
# Compile Entity "state"
# Compile Architecture "BEHAVIORAL" of Entity "state"
# Compile failure 8 Errors 0 Warnings  Analysis time :  63.0 [ms]
acom -O3 -e 100 -work fsm -2002  $dsn/src/state_machine.vhd
# Compile Entity "state_machine"
# Compile Architecture "behav" of Entity "state_machine"
# Compile success 0 Errors 0 Warnings  Analysis time :  79.0 [ms]
acom -O3 -e 100 -work fsm -2002  $dsn/src/state_machine.vhd $dsn/src/state.vhd
# Compile Entity "state_machine"
# Compile Architecture "behav" of Entity "state_machine"
# Compile Entity "state"
# Compile Architecture "BEHAVIORAL" of Entity "state"
# Compile success 0 Errors 0 Warnings  Analysis time :  0.1 [s]
# ELBREAD: Elaboration process.
# ELBREAD: Elaboration time 0.0 [s].
asim -O5 +access +r +m+state_machine state_machine behav
# ELBREAD: Elaboration process.
# ELBREAD: Elaboration time 0.0 [s].
# VSIM: Stack memory: 32MB
# VSIM: Retval memory: 32MB
# 
# KERNEL: Main thread initiated.
# KERNEL: Kernel process initialization phase.
# ELAB2: Elaboration final pass...
# ELAB2: Create instances ...
# KERNEL: Time resolution set to 1ps.
# ELAB2: Create instances complete.
# SLP: Started
# SLP: Elaboration phase ...
# SLP: Elaboration phase ... skipped, nothing to simulate in SLP mode : 0.0 [s]
# SLP: Finished : 0.0 [s]
# ELAB2: Elaboration final pass complete - time: 0.1 [s].
# KERNEL: Warning: You are using the Active-HDL Student Edition. The performance of simulation is running at a reduced rate.
# KERNEL: Warning: Contact Aldec for available upgrade options - sales@aldec.com.
# KERNEL: Kernel process initialization done.
# Allocation: Simulator allocated 6422 kB (elbread=427 elab2=5856 kernel=139 sdf=0)
# KERNEL: ASDB file was created in location c:\My_Designs\may18\fsm\src\wave.asdb
#  żŔČÄ 5:47, 2026łâ 5żů 18ŔĎ żůżäŔĎ
#  Simulation has been initialized
# VSIM: 6 object(s) traced.
# Waveform file 'untitled.awc' connected to 'c:/My_Designs/may18/fsm/src/wave.asdb'.
run @100ns
# KERNEL: stopped at time: 100 ns
run @2000ns
# KERNEL: stopped at time: 2 us
