Active-HDL 15.0.261.9132 2026-04-06 17:57:56

Elaboration top modules:
Architecture                  four(four)


-------------------------------------------------------------------------------------------
Entity   | Architecture | Library | Info | Compiler Version          | Compilation Options
-------------------------------------------------------------------------------------------
four     | four         | four    |      | 15.0.261.9132 (Windows64) | -O3
-------------------------------------------------------------------------------------------

-------------------------------------------------------------------------------------------
VHDL Package            | Library | Info | Compiler Version          | Compilation Options
-------------------------------------------------------------------------------------------
standard                | std     |      |                           | <unavailable>
TEXTIO                  | std     |      | 15.0.261.9132 (Windows64) |  -2019
std_logic_1164          | ieee    |      | 15.0.261.9132 (Windows64) |  -2008
std_logic_arith         | ieee    |      | 15.0.261.9132 (Windows64) | <unavailable>
STD_LOGIC_UNSIGNED      | ieee    |      | 15.0.261.9132 (Windows64) | <unavailable>
-------------------------------------------------------------------------------------------

-------------------------------------------------------------------------------------------
Library                 | Comment
-------------------------------------------------------------------------------------------
four                    | None
ieee                    | Standard IEEE packages library
std                     | Standard VHDL library
-------------------------------------------------------------------------------------------
