# Design: Design flipflop already active.
# DESIGN: Default Design Language: VHDL
# DESIGN: Default BDE Language: VHDL
# DESIGN: C-Synthesis: Not Defined
# DESIGN: HDL Synthesis: Not Defined
# DESIGN: Physical Synthesis: Not Defined
# DESIGN: Implementation: Not Defined
acom -reorder -O3 -e 100 -work flipflop -2002  $dsn/src/D_ff.vhd
# Compile Entity "dff"
# Compile Architecture "dff" of Entity "dff"
# Top-level unit(s) detected:
# Entity => dff
# Compile success 0 Errors 0 Warnings  Analysis time :  0.1 [s]
# ELBREAD: Elaboration process.
# ELBREAD: Elaboration time 0.0 [s].
# ELBREAD: Elaboration process.
# ELBREAD: Elaboration time 0.0 [s].
asim -O5 +access +r +m+dff dff dff
# ELBREAD: Elaboration process.
# ELBREAD: Elaboration time 0.0 [s].
# VSIM: Stack memory: 32MB
# VSIM: Retval memory: 32MB
# 
# KERNEL: Main thread initiated.
# KERNEL: Kernel process initialization phase.
# ELAB2: Elaboration final pass...
# ELAB2: Create instances ...
# KERNEL: Time resolution set to 1ps.
# ELAB2: Create instances complete.
# SLP: Started
# SLP: Elaboration phase ...
# SLP: Elaboration phase ... skipped, nothing to simulate in SLP mode : 0.0 [s]
# SLP: Finished : 0.0 [s]
# ELAB2: Elaboration final pass complete - time: 0.2 [s].
# KERNEL: Warning: You are using the Active-HDL Student Edition. The performance of simulation is running at a reduced rate.
# KERNEL: Warning: Contact Aldec for available upgrade options - sales@aldec.com.
# KERNEL: Kernel process initialization done.
# Allocation: Simulator allocated 5396 kB (elbread=427 elab2=4830 kernel=138 sdf=0)
# KERNEL: ASDB file was created in location c:\My_Designs\flipflop\src\wave.asdb
#  ┐└╚─ 5:07, 2026│Ô 4┐¨ 20└¤ ┐¨┐õ└¤
#  Simulation has been initialized
# VSIM: 4 object(s) traced.
# Waveform file 'untitled.awc' connected to 'c:/My_Designs/flipflop/src/wave.asdb'.
run @300ns
# KERNEL: stopped at time: 300 ns
run @700ns
# KERNEL: stopped at time: 700 ns
run @800ns
# KERNEL: stopped at time: 800 ns
run @1.7ms
# KERNEL: stopped at time: 1700 us
run @1700ns
# VSIM: Error: 1700ns is less than current simulation time.
run @2.3ms
# KERNEL: stopped at time: 2300 us
