Active-HDL 15.0.261.9132 2026-05-11 17:55:29

Elaboration top modules:
Architecture                  arch_program_counter(program_counter)


----------------------------------------------------------------------------------------------------------
Entity          | Architecture         | Library | Info | Compiler Version          | Compilation Options
----------------------------------------------------------------------------------------------------------
program_counter | arch_program_counter | pc      |      | 15.0.261.9132 (Windows64) | -O3
----------------------------------------------------------------------------------------------------------

----------------------------------------------------------------------------------------------------------
VHDL Package                           | Library | Info | Compiler Version          | Compilation Options
----------------------------------------------------------------------------------------------------------
standard                               | std     |      |                           | <unavailable>
TEXTIO                                 | std     |      | 15.0.261.9132 (Windows64) |  -2019
std_logic_1164                         | ieee    |      | 15.0.261.9132 (Windows64) |  -2008
NUMERIC_STD                            | ieee    |      | 15.0.261.9132 (Windows64) |  -2008
----------------------------------------------------------------------------------------------------------

----------------------------------------------------------------------------------------------------------
Library                                | Comment
----------------------------------------------------------------------------------------------------------
ieee                                   | Standard IEEE packages library
pc                                     | None
std                                    | Standard VHDL library
----------------------------------------------------------------------------------------------------------


Simulation Options: asim -O5 +access +r +m+program_counter program_counter arch_program_counter


The performance of simulation is reduced. Version Student Edition
