Active-HDL 15.0.261.9132 2026-05-18 17:47:55

Elaboration top modules:
Architecture                  behav(state_machine)


------------------------------------------------------------------------------------------------
Entity        | Architecture | Library | Info | Compiler Version          | Compilation Options
------------------------------------------------------------------------------------------------
state_machine | behav        | fsm     |      | 15.0.261.9132 (Windows64) | -O3
------------------------------------------------------------------------------------------------

------------------------------------------------------------------------------------------------
VHDL Package                 | Library | Info | Compiler Version          | Compilation Options
------------------------------------------------------------------------------------------------
standard                     | std     |      |                           | <unavailable>
TEXTIO                       | std     |      | 15.0.261.9132 (Windows64) |  -2019
std_logic_1164               | ieee    |      | 15.0.261.9132 (Windows64) |  -2008
------------------------------------------------------------------------------------------------

------------------------------------------------------------------------------------------------
Library                      | Comment
------------------------------------------------------------------------------------------------
fsm                          | None
ieee                         | Standard IEEE packages library
std                          | Standard VHDL library
------------------------------------------------------------------------------------------------


Simulation Options: asim -O5 +access +r +m+state_machine state_machine behav


The performance of simulation is reduced. Version Student Edition
